11/04/2024 17:38:17 INICIANDO...
11/04/2024 17:38:17 2.11.0.1
11/04/2024 17:38:17 Usuário: nerys(Administrador)
11/04/2024 17:38:17 Versão do Sistema Operacional: 6.2.9200
11/04/2024 17:38:17 64 Bits: true
11/04/2024 17:38:17 Versão do Firefox.  ( 0.7 )
11/04/2024 17:38:17 UAC: Ativado
11/04/2024 17:38:17 Verificando se Firefox está instalado...
11/04/2024 17:38:17 Firefox não instalado.
11/04/2024 17:38:17 [Verificando Ambiente] Verificando...
11/04/2024 17:38:17 [Verificando Ambiente] Ativando Transport Layer Security (TLS)
11/04/2024 17:38:17 [Verificando Ambiente] Ok.
11/04/2024 17:38:17 [Arquivo hosts] Verificando...
11/04/2024 17:38:17 [Arquivo hosts] Ok.
11/04/2024 17:38:17 [Instalação de certificados raiz] Verificando...
11/04/2024 17:38:17 [Instalação de certificados raiz] Efetuando download do instalador...
11/04/2024 17:38:19 [Instalação de certificados raiz] Instalando...
11/04/2024 17:38:19 [Instalação de certificados raiz] Ok.
11/04/2024 17:38:19 [Terminal Services] Verificando...
11/04/2024 17:38:19 [Terminal Services] Ok.
11/04/2024 17:38:19 [Limpeza do cache IE] Verificando...
11/04/2024 17:38:19 [Limpeza do cache IE] Limpando...
11/04/2024 17:38:19 [Limpeza do cache IE] Ok.
11/04/2024 17:38:19 [Instalando Módulo de Segurança] Verificando...
11/04/2024 17:38:19 [Instalando Módulo de Segurança] Efetuando download do instalador...
11/04/2024 17:38:35 [Instalando Módulo de Segurança] Instalando...
11/04/2024 17:38:44 [Instalando Módulo de Segurança] Ok.
11/04/2024 17:38:44 [Configurações do Módulo de Segurança] Verificando...
11/04/2024 17:38:44 [Configurações do Módulo de Segurança] Ok.
11/04/2024 17:38:44 [Instalando configurações da CAIXA] Verificando...
11/04/2024 17:38:55 [Instalando configurações da CAIXA] Ok.
11/04/2024 17:38:55 [Ajustando ambiente] Verificando...
11/04/2024 17:38:55 [Ajustando ambiente] Ok.
11/04/2024 17:38:55 [Atualizando listas] Verificando...
11/04/2024 17:38:56 [Atualizando listas] Ok.
11/04/2024 17:38:56 [Concluindo execucao] Verificando...
11/04/2024 17:38:58 [Concluindo execucao] CONCLUÍDO.
11/04/2024 17:38:58 CONCLUÍDO.
11/04/2024 17:44:29 INICIANDO...
11/04/2024 17:44:29 2.11.0.1
11/04/2024 17:44:29 Usuário: nerys(Administrador)
11/04/2024 17:44:29 Versão do Sistema Operacional: 6.2.9200
11/04/2024 17:44:29 64 Bits: true
11/04/2024 17:44:29 Versão do Firefox.  ( 0.7 )
11/04/2024 17:44:29 UAC: Ativado
11/04/2024 17:44:29 Verificando se Firefox está instalado...
11/04/2024 17:44:29 Firefox não instalado.
11/04/2024 17:44:29 [Verificando Ambiente] Verificando...
11/04/2024 17:44:29 [Verificando Ambiente] Ativando Transport Layer Security (TLS)
11/04/2024 17:44:29 [Verificando Ambiente] Ok.
11/04/2024 17:44:29 [Arquivo hosts] Verificando...
11/04/2024 17:44:29 [Arquivo hosts] Ok.
11/04/2024 17:44:29 [Instalação de certificados raiz] Verificando...
11/04/2024 17:44:29 [Instalação de certificados raiz] Efetuando download do instalador...
11/04/2024 17:44:31 [Instalação de certificados raiz] Ok.
11/04/2024 17:44:31 [Terminal Services] Verificando...
11/04/2024 17:44:31 [Terminal Services] Ok.
11/04/2024 17:44:31 [Limpeza do cache IE] Verificando...
11/04/2024 17:44:31 [Limpeza do cache IE] Limpando...
11/04/2024 17:44:31 [Limpeza do cache IE] Ok.
11/04/2024 17:44:31 [Instalando Módulo de Segurança] Verificando...
11/04/2024 17:44:36 [Instalando Módulo de Segurança] Efetuando download do instalador...
11/04/2024 17:44:37 [Instalando Módulo de Segurança] Instalando...
11/04/2024 17:45:08 [Instalando Módulo de Segurança] Ok.
11/04/2024 17:45:08 [Configurações do Módulo de Segurança] Verificando...
11/04/2024 17:45:08 [Configurações do Módulo de Segurança] Ok.
11/04/2024 17:45:08 [Instalando configurações da CAIXA] Verificando...
11/04/2024 17:45:16 [Instalando configurações da CAIXA] Ok.
11/04/2024 17:45:16 [Ajustando ambiente] Verificando...
11/04/2024 17:45:16 [Ajustando ambiente] Ok.
11/04/2024 17:45:16 [Atualizando listas] Verificando...
11/04/2024 17:45:16 [Atualizando listas] Ok.
11/04/2024 17:45:16 [Concluindo execucao] Verificando...
11/04/2024 17:45:19 [Concluindo execucao] CONCLUÍDO.
11/04/2024 17:45:19 CONCLUÍDO.
11/04/2024 17:54:03 INICIANDO...
11/04/2024 17:54:03 2.11.0.1
11/04/2024 17:54:03 Usuário: nerys(Administrador)
11/04/2024 17:54:03 Versão do Sistema Operacional: 6.2.9200
11/04/2024 17:54:03 64 Bits: true
11/04/2024 17:54:03 Versão do Firefox.  ( 0.7 )
11/04/2024 17:54:03 UAC: Ativado
11/04/2024 17:54:03 Verificando se Firefox está instalado...
11/04/2024 17:54:03 Firefox não instalado.
11/04/2024 17:54:03 [Verificando Ambiente] Verificando...
11/04/2024 17:54:03 [Verificando Ambiente] Ativando Transport Layer Security (TLS)
11/04/2024 17:54:03 [Verificando Ambiente] Ok.
11/04/2024 17:54:03 [Arquivo hosts] Verificando...
11/04/2024 17:54:03 [Arquivo hosts] Ok.
11/04/2024 17:54:03 [Instalação de certificados raiz] Verificando...
11/04/2024 17:54:03 [Instalação de certificados raiz] Efetuando download do instalador...
11/04/2024 17:54:04 [Instalação de certificados raiz] Ok.
11/04/2024 17:54:04 [Terminal Services] Verificando...
11/04/2024 17:54:04 [Terminal Services] Ok.
11/04/2024 17:54:04 [Limpeza do cache IE] Verificando...
11/04/2024 17:54:04 [Limpeza do cache IE] Limpando...
11/04/2024 17:54:04 [Limpeza do cache IE] Ok.
11/04/2024 17:54:04 [Instalando Módulo de Segurança] Verificando...
11/04/2024 17:54:09 [Instalando Módulo de Segurança] Efetuando download do instalador...
11/04/2024 17:54:11 [Instalando Módulo de Segurança] Instalando...
11/04/2024 17:54:42 [Instalando Módulo de Segurança] Ok.
11/04/2024 17:54:42 [Configurações do Módulo de Segurança] Verificando...
11/04/2024 17:54:42 [Configurações do Módulo de Segurança] Ok.
11/04/2024 17:54:42 [Instalando configurações da CAIXA] Verificando...
11/04/2024 17:54:50 [Instalando configurações da CAIXA] Ok.
11/04/2024 17:54:50 [Ajustando ambiente] Verificando...
11/04/2024 17:54:50 [Ajustando ambiente] Ok.
11/04/2024 17:54:50 [Atualizando listas] Verificando...
11/04/2024 17:54:50 [Atualizando listas] Ok.
11/04/2024 17:54:50 [Concluindo execucao] Verificando...
11/04/2024 17:54:52 [Concluindo execucao] CONCLUÍDO.
11/04/2024 17:54:52 CONCLUÍDO.
